<?xml version="1.0" encoding="UTF-8"?>
<!-- Generated by org.testng.reporters.JUnitReportReporter -->
<testsuite hostname="Agio-13" failures="0" tests="5" name="testingbaba_test.ClockIN_test" time="3.057" errors="0" timestamp="2022-03-28T13:53:19 IST" skipped="0">
  <testcase classname="testingbaba_test.ClockIN_test" name="emailId" time="0.128"/>
  <system-out/>
  <testcase classname="testingbaba_test.ClockIN_test" name="enterpassword" time="0.121"/>
  <system-out/>
  <testcase classname="testingbaba_test.ClockIN_test" name="clickonsignup" time="1.788"/>
  <system-out/>
  <testcase classname="testingbaba_test.ClockIN_test" name="clickin" time="0.717"/>
  <system-out/>
  <testcase classname="testingbaba_test.ClockIN_test" name="clickout" time="0.303"/>
  <system-out/>
</testsuite> <!-- testingbaba_test.ClockIN_test -->
