<?xml version="1.0" encoding="UTF-8"?>
<!-- Generated by org.testng.reporters.JUnitReportReporter -->
<testsuite hostname="Agio-13" failures="0" tests="5" name="testingbaba_test.ClockIN_test" time="23.469" errors="0" timestamp="2022-07-12T13:29:19 IST" skipped="0">
  <testcase classname="testingbaba_test.ClockIN_test" name="emailId" time="0.123"/>
  <system-out/>
  <testcase classname="testingbaba_test.ClockIN_test" name="enterpassword" time="0.116"/>
  <system-out/>
  <testcase classname="testingbaba_test.ClockIN_test" name="clickonsignup" time="2.388"/>
  <system-out/>
  <testcase classname="testingbaba_test.ClockIN_test" name="clickin" time="0.695"/>
  <system-out/>
  <testcase classname="testingbaba_test.ClockIN_test" name="clickout" time="20.147"/>
  <system-out/>
</testsuite> <!-- testingbaba_test.ClockIN_test -->
