<?xml version="1.0" encoding="UTF-8"?>
<!-- Generated by org.testng.reporters.JUnitReportReporter -->
<testsuite hostname="Agio-13" failures="0" tests="3" name="testingbaba_test.Testingbaba_Checkbox_test" time="0.679" errors="0" timestamp="2022-03-11T15:31:26 IST" skipped="0">
  <testcase classname="testingbaba_test.Testingbaba_Checkbox_test" name="clickonelement" time="0.078"/>
  <system-out/>
  <testcase classname="testingbaba_test.Testingbaba_Checkbox_test" name="clickoncheckbox" time="0.137"/>
  <system-out/>
  <testcase classname="testingbaba_test.Testingbaba_Checkbox_test" name="selectcheckbox" time="0.464"/>
  <system-out/>
</testsuite> <!-- testingbaba_test.Testingbaba_Checkbox_test -->
