<?xml version="1.0" encoding="UTF-8"?>
<!-- Generated by org.testng.reporters.JUnitReportReporter -->
<testsuite hostname="Agio-13" failures="0" tests="7" name="testingbaba_test.Github_test" time="6.924" errors="0" timestamp="2022-07-16T17:34:52 IST" skipped="0">
  <testcase classname="testingbaba_test.Github_test" name="clickonsignin" time="0.687"/>
  <system-out/>
  <testcase classname="testingbaba_test.Github_test" name="fillemailid" time="1.077"/>
  <system-out/>
  <testcase classname="testingbaba_test.Github_test" name="fillpassword" time="0.204"/>
  <system-out/>
  <testcase classname="testingbaba_test.Github_test" name="clicksignin" time="1.714"/>
  <system-out/>
  <testcase classname="testingbaba_test.Github_test" name="clickonsearchfield" time="1.449"/>
  <system-out/>
  <testcase classname="testingbaba_test.Github_test" name="selectnewrepsatory" time="0.182"/>
  <system-out/>
  <testcase classname="testingbaba_test.Github_test" name="cliconsignout" time="1.611"/>
  <system-out/>
</testsuite> <!-- testingbaba_test.Github_test -->
