<?xml version="1.0" encoding="UTF-8"?>
<!-- Generated by org.testng.reporters.JUnitReportReporter -->
<testsuite hostname="Agio-13" failures="0" tests="3" name="testingbaba_test.Testinbaba_progessbar_test" time="2.773" errors="0" timestamp="2022-06-07T18:20:43 IST" skipped="0">
  <testcase classname="testingbaba_test.Testinbaba_progessbar_test" name="clickonwidget" time="0.196"/>
  <system-out/>
  <testcase classname="testingbaba_test.Testinbaba_progessbar_test" name="clickonprogressbar" time="0.338"/>
  <system-out/>
  <testcase classname="testingbaba_test.Testinbaba_progessbar_test" name="clickonstart" time="2.239"/>
  <system-out/>
</testsuite> <!-- testingbaba_test.Testinbaba_progessbar_test -->
