<?xml version="1.0" encoding="UTF-8"?>
<!-- Generated by org.testng.reporters.JUnitReportReporter -->
<testsuite hostname="Agio-13" failures="0" tests="7" name="testingbaba_test.Github_test" time="7.130" errors="0" timestamp="2022-03-11T13:22:04 IST" skipped="0">
  <testcase classname="testingbaba_test.Github_test" name="clickonsignin" time="0.990"/>
  <system-out/>
  <testcase classname="testingbaba_test.Github_test" name="fillemailid" time="0.225"/>
  <system-out/>
  <testcase classname="testingbaba_test.Github_test" name="fillpassword" time="0.178"/>
  <system-out/>
  <testcase classname="testingbaba_test.Github_test" name="clicksignin" time="1.778"/>
  <system-out/>
  <testcase classname="testingbaba_test.Github_test" name="clickonsearchfield" time="1.192"/>
  <system-out/>
  <testcase classname="testingbaba_test.Github_test" name="selectnewrepsatory" time="0.855"/>
  <system-out/>
  <testcase classname="testingbaba_test.Github_test" name="cliconsignout" time="1.912"/>
  <system-out/>
</testsuite> <!-- testingbaba_test.Github_test -->
