<?xml version="1.0" encoding="UTF-8"?>
<!-- Generated by org.testng.reporters.JUnitReportReporter -->
<testsuite hostname="Agio-13" failures="0" tests="3" name="testingbaba_test.Testingbaba_Link_test" time="3.618" errors="0" timestamp="2022-03-11T15:53:53 IST" skipped="0">
  <testcase classname="testingbaba_test.Testingbaba_Link_test" name="clickonelement" time="0.195"/>
  <system-out/>
  <testcase classname="testingbaba_test.Testingbaba_Link_test" name="clickonlinks" time="0.273"/>
  <system-out/>
  <testcase classname="testingbaba_test.Testingbaba_Link_test" name="clickondemopagelink" time="3.150"/>
  <system-out/>
</testsuite> <!-- testingbaba_test.Testingbaba_Link_test -->
