<?xml version="1.0" encoding="UTF-8"?>
<!-- Generated by org.testng.reporters.JUnitReportReporter -->
<testsuite hostname="Agio-13" failures="0" tests="6" name="testingbaba_test.Testingbab_Selectmenu_test" time="1.929" errors="0" timestamp="2022-03-11T16:32:45 IST" skipped="0">
  <testcase classname="testingbaba_test.Testingbab_Selectmenu_test" name="clickonwedgets" time="1.013"/>
  <system-out/>
  <testcase classname="testingbaba_test.Testingbab_Selectmenu_test" name="selectvalue" time="0.138"/>
  <system-out/>
  <testcase classname="testingbaba_test.Testingbab_Selectmenu_test" name="getdatafromdropdown" time="0.147"/>
  <system-out/>
  <testcase classname="testingbaba_test.Testingbab_Selectmenu_test" name="clickonmultislet" time="0.248"/>
  <system-out/>
  <testcase classname="testingbaba_test.Testingbab_Selectmenu_test" name="selectmultiple" time="0.259"/>
  <system-out/>
  <testcase classname="testingbaba_test.Testingbab_Selectmenu_test" name="getdata" time="0.124"/>
  <system-out/>
</testsuite> <!-- testingbaba_test.Testingbab_Selectmenu_test -->
