<?xml version="1.0" encoding="UTF-8"?>
<!-- Generated by org.testng.reporters.JUnitReportReporter -->
<testsuite hostname="Agio-13" failures="0" tests="7" name="testingbaba_test.Github_test" time="7.241" errors="0" timestamp="2022-07-12T13:20:44 IST" skipped="0">
  <testcase classname="testingbaba_test.Github_test" name="clickonsignin" time="0.535"/>
  <system-out/>
  <testcase classname="testingbaba_test.Github_test" name="fillemailid" time="1.062"/>
  <system-out/>
  <testcase classname="testingbaba_test.Github_test" name="fillpassword" time="0.216"/>
  <system-out/>
  <testcase classname="testingbaba_test.Github_test" name="clicksignin" time="1.812"/>
  <system-out/>
  <testcase classname="testingbaba_test.Github_test" name="clickonsearchfield" time="1.342"/>
  <system-out/>
  <testcase classname="testingbaba_test.Github_test" name="selectnewrepsatory" time="0.153"/>
  <system-out/>
  <testcase classname="testingbaba_test.Github_test" name="cliconsignout" time="2.121"/>
  <system-out/>
</testsuite> <!-- testingbaba_test.Github_test -->
