<?xml version="1.0" encoding="UTF-8"?>
<!-- Generated by org.testng.reporters.JUnitReportReporter -->
<testsuite hostname="Agio-13" failures="0" tests="6" name="testingbaba_test.Testingbaba_Alertframe_test" time="9.353" errors="0" timestamp="2022-05-17T13:49:47 IST" skipped="0">
  <testcase classname="testingbaba_test.Testingbaba_Alertframe_test" name="clickonalert_frame" time="1.197"/>
  <system-out/>
  <testcase classname="testingbaba_test.Testingbaba_Alertframe_test" name="clickonalert" time="0.247"/>
  <system-out/>
  <testcase classname="testingbaba_test.Testingbaba_Alertframe_test" name="clickme" time="0.236"/>
  <system-out/>
  <testcase classname="testingbaba_test.Testingbaba_Alertframe_test" name="waitclick" time="5.231"/>
  <system-out/>
  <testcase classname="testingbaba_test.Testingbaba_Alertframe_test" name="alertcancle" time="0.177"/>
  <system-out/>
  <testcase classname="testingbaba_test.Testingbaba_Alertframe_test" name="senddatainalert" time="2.265"/>
  <system-out/>
</testsuite> <!-- testingbaba_test.Testingbaba_Alertframe_test -->
