<?xml version="1.0" encoding="UTF-8"?>
<!-- Generated by org.testng.reporters.JUnitReportReporter -->
<testsuite hostname="Agio-13" failures="0" tests="6" name="testingbaba_test.Testingbaba_Alertframe_test" time="9.317" errors="0" timestamp="2022-03-11T13:27:13 IST" skipped="0">
  <testcase classname="testingbaba_test.Testingbaba_Alertframe_test" name="clickonalert_frame" time="1.239"/>
  <system-out/>
  <testcase classname="testingbaba_test.Testingbaba_Alertframe_test" name="clickonalert" time="0.252"/>
  <system-out/>
  <testcase classname="testingbaba_test.Testingbaba_Alertframe_test" name="clickme" time="0.233"/>
  <system-out/>
  <testcase classname="testingbaba_test.Testingbaba_Alertframe_test" name="waitclick" time="5.204"/>
  <system-out/>
  <testcase classname="testingbaba_test.Testingbaba_Alertframe_test" name="alertcancle" time="0.171"/>
  <system-out/>
  <testcase classname="testingbaba_test.Testingbaba_Alertframe_test" name="senddatainalert" time="2.218"/>
  <system-out/>
</testsuite> <!-- testingbaba_test.Testingbaba_Alertframe_test -->
