<?xml version="1.0" encoding="UTF-8"?>
<!-- Generated by org.testng.reporters.JUnitReportReporter -->
<testsuite hostname="Agio-13" failures="0" tests="5" name="testingbaba_test.ClockIN_test" time="23.525" errors="0" timestamp="2022-03-11T13:06:26 IST" skipped="0">
  <testcase classname="testingbaba_test.ClockIN_test" name="emailId" time="0.141"/>
  <system-out/>
  <testcase classname="testingbaba_test.ClockIN_test" name="enterpassword" time="0.128"/>
  <system-out/>
  <testcase classname="testingbaba_test.ClockIN_test" name="clickonsignup" time="2.399"/>
  <system-out/>
  <testcase classname="testingbaba_test.ClockIN_test" name="clickin" time="0.712"/>
  <system-out/>
  <testcase classname="testingbaba_test.ClockIN_test" name="clickout" time="20.145"/>
  <system-out/>
</testsuite> <!-- testingbaba_test.ClockIN_test -->
