<?xml version="1.0" encoding="UTF-8"?>
<!-- Generated by org.testng.reporters.JUnitReportReporter -->
<testsuite hostname="Agio-13" failures="0" tests="1" name="extendreport.Extendreport_utility$Extendreport" time="40.913" errors="0" timestamp="2022-04-07T15:06:23 IST" skipped="0">
  <testcase classname="extendreport.Extendreport_utility$Extendreport" name="launchreports" time="40.913"/>
  <system-out/>
</testsuite> <!-- extendreport.Extendreport_utility$Extendreport -->
