<?xml version="1.0" encoding="UTF-8"?>
<!-- Generated by org.testng.reporters.JUnitReportReporter -->
<testsuite hostname="Agio-13" failures="0" tests="4" name="testingbaba_test.Testingbaba_Dropable_test" time="10.274" errors="0" timestamp="2022-03-11T15:40:47 IST" skipped="0">
  <testcase classname="testingbaba_test.Testingbaba_Dropable_test" name="clickonelement" time="0.359"/>
  <system-out/>
  <testcase classname="testingbaba_test.Testingbaba_Dropable_test" name="clickonintraction" time="0.328"/>
  <system-out/>
  <testcase classname="testingbaba_test.Testingbaba_Dropable_test" name="clickondropable" time="0.757"/>
  <system-out/>
  <testcase classname="testingbaba_test.Testingbaba_Dropable_test" name="draganddrop" time="8.830"/>
  <system-out/>
</testsuite> <!-- testingbaba_test.Testingbaba_Dropable_test -->
