<?xml version="1.0" encoding="UTF-8"?>
<!-- Generated by org.testng.reporters.JUnitReportReporter -->
<testsuite hostname="Agio-13" failures="0" tests="5" name="testingbaba_test.ClockIN_test" time="23.435" errors="0" timestamp="2022-07-16T17:34:18 IST" skipped="0">
  <testcase classname="testingbaba_test.ClockIN_test" name="emailId" time="0.110"/>
  <system-out/>
  <testcase classname="testingbaba_test.ClockIN_test" name="enterpassword" time="0.099"/>
  <system-out/>
  <testcase classname="testingbaba_test.ClockIN_test" name="clickonsignup" time="2.388"/>
  <system-out/>
  <testcase classname="testingbaba_test.ClockIN_test" name="clickin" time="0.716"/>
  <system-out/>
  <testcase classname="testingbaba_test.ClockIN_test" name="clickout" time="20.122"/>
  <system-out/>
</testsuite> <!-- testingbaba_test.ClockIN_test -->
