<?xml version="1.0" encoding="UTF-8"?>
<!-- Generated by org.testng.reporters.JUnitReportReporter -->
<testsuite hostname="Agio-13" failures="0" tests="3" name="testingbaba_test.Testinbaba_progessbar_test" time="2.671" errors="0" timestamp="2022-03-11T16:20:57 IST" skipped="0">
  <testcase classname="testingbaba_test.Testinbaba_progessbar_test" name="clickonwidget" time="0.205"/>
  <system-out/>
  <testcase classname="testingbaba_test.Testinbaba_progessbar_test" name="clickonprogressbar" time="0.239"/>
  <system-out/>
  <testcase classname="testingbaba_test.Testinbaba_progessbar_test" name="clickonstart" time="2.227"/>
  <system-out/>
</testsuite> <!-- testingbaba_test.Testinbaba_progessbar_test -->
