<?xml version="1.0" encoding="UTF-8"?>
<!-- Generated by org.testng.reporters.JUnitReportReporter -->
<testsuite hostname="Agio-13" failures="0" tests="4" name="testingbaba_test.Testingbaba_Resize_test" time="7.354" errors="0" timestamp="2022-03-11T16:24:38 IST" skipped="0">
  <testcase classname="testingbaba_test.Testingbaba_Resize_test" name="clickonelement" time="0.506"/>
  <system-out/>
  <testcase classname="testingbaba_test.Testingbaba_Resize_test" name="clickonintraction" time="0.283"/>
  <system-out/>
  <testcase classname="testingbaba_test.Testingbaba_Resize_test" name="cliconresizable" time="0.751"/>
  <system-out/>
  <testcase classname="testingbaba_test.Testingbaba_Resize_test" name="clickonresizepoint" time="5.814"/>
  <system-out/>
</testsuite> <!-- testingbaba_test.Testingbaba_Resize_test -->
