<?xml version="1.0" encoding="UTF-8"?>
<!-- Generated by org.testng.reporters.JUnitReportReporter -->
<testsuite hostname="Agio-13" failures="0" tests="6" name="testingbaba_test.Testingbab_Selectmenu_test" time="1.927" errors="0" timestamp="2022-06-07T18:22:17 IST" skipped="0">
  <testcase classname="testingbaba_test.Testingbab_Selectmenu_test" name="clickonwedgets" time="0.979"/>
  <system-out/>
  <testcase classname="testingbaba_test.Testingbab_Selectmenu_test" name="selectvalue" time="0.150"/>
  <system-out/>
  <testcase classname="testingbaba_test.Testingbab_Selectmenu_test" name="getdatafromdropdown" time="0.141"/>
  <system-out/>
  <testcase classname="testingbaba_test.Testingbab_Selectmenu_test" name="clickonmultislet" time="0.250"/>
  <system-out/>
  <testcase classname="testingbaba_test.Testingbab_Selectmenu_test" name="selectmultiple" time="0.277"/>
  <system-out/>
  <testcase classname="testingbaba_test.Testingbab_Selectmenu_test" name="getdata" time="0.130"/>
  <system-out/>
</testsuite> <!-- testingbaba_test.Testingbab_Selectmenu_test -->
